[12-Dec-2024 07:59:20 Europe/Berlin] Database connection error: SQLSTATE[HY000] [1045] Access denied for user 'root'@'localhost' (using password: NO)
[12-Dec-2024 08:07:14 Europe/Berlin] Database connection error: SQLSTATE[HY000] [1045] Access denied for user 'root'@'localhost' (using password: YES)
[12-Dec-2024 08:07:19 Europe/Berlin] Database connection error: SQLSTATE[HY000] [1045] Access denied for user 'root'@'localhost' (using password: YES)
[12-Dec-2024 08:11:40 Europe/Berlin] PHP Warning:  Header may not contain more than a single header, new line detected in C:\xampp\htdocs\FYP-SOCPMS\index.php on line 14
[12-Dec-2024 08:14:18 Europe/Berlin] PHP Warning:  Header may not contain more than a single header, new line detected in C:\xampp\htdocs\FYP-SOCPMS\index.php on line 14
[12-Dec-2024 08:18:28 Europe/Berlin] PHP Warning:  Header may not contain more than a single header, new line detected in C:\xampp\htdocs\FYP-SOCPMS\index.php on line 14
[12-Dec-2024 08:18:36 Europe/Berlin] PHP Warning:  Header may not contain more than a single header, new line detected in C:\xampp\htdocs\FYP-SOCPMS\index.php on line 14
[12-Dec-2024 08:18:36 Europe/Berlin] PHP Fatal error:  Uncaught PDOException: SQLSTATE[42S22]: Column not found: 1054 Unknown column 'active' in 'field list' in C:\xampp\htdocs\FYP-SOCPMS\index.php:61
Stack trace:
#0 C:\xampp\htdocs\FYP-SOCPMS\index.php(61): PDO->prepare('SELECT id, emai...')
#1 {main}
  thrown in C:\xampp\htdocs\FYP-SOCPMS\index.php on line 61
[12-Dec-2024 08:18:45 Europe/Berlin] PHP Warning:  Header may not contain more than a single header, new line detected in C:\xampp\htdocs\FYP-SOCPMS\index.php on line 14
[12-Dec-2024 08:18:51 Europe/Berlin] PHP Warning:  Header may not contain more than a single header, new line detected in C:\xampp\htdocs\FYP-SOCPMS\index.php on line 14
[12-Dec-2024 08:18:51 Europe/Berlin] PHP Fatal error:  Uncaught PDOException: SQLSTATE[42S22]: Column not found: 1054 Unknown column 'active' in 'field list' in C:\xampp\htdocs\FYP-SOCPMS\index.php:61
Stack trace:
#0 C:\xampp\htdocs\FYP-SOCPMS\index.php(61): PDO->prepare('SELECT id, emai...')
#1 {main}
  thrown in C:\xampp\htdocs\FYP-SOCPMS\index.php on line 61
[12-Dec-2024 08:22:04 Europe/Berlin] PHP Warning:  Header may not contain more than a single header, new line detected in C:\xampp\htdocs\FYP-SOCPMS\index.php on line 14
[12-Dec-2024 08:22:11 Europe/Berlin] PHP Warning:  Header may not contain more than a single header, new line detected in C:\xampp\htdocs\FYP-SOCPMS\index.php on line 14
[12-Dec-2024 08:22:11 Europe/Berlin] PHP Fatal error:  Uncaught PDOException: SQLSTATE[42S22]: Column not found: 1054 Unknown column 'active' in 'field list' in C:\xampp\htdocs\FYP-SOCPMS\index.php:61
Stack trace:
#0 C:\xampp\htdocs\FYP-SOCPMS\index.php(61): PDO->prepare('SELECT id, emai...')
#1 {main}
  thrown in C:\xampp\htdocs\FYP-SOCPMS\index.php on line 61
[12-Dec-2024 08:23:16 Europe/Berlin] PHP Warning:  Header may not contain more than a single header, new line detected in C:\xampp\htdocs\FYP-SOCPMS\index.php on line 14
[12-Dec-2024 08:23:22 Europe/Berlin] PHP Warning:  Header may not contain more than a single header, new line detected in C:\xampp\htdocs\FYP-SOCPMS\index.php on line 14
[12-Dec-2024 08:23:22 Europe/Berlin] Failed login attempt for email: joanchoo2201@hotmail.com
[12-Dec-2024 08:25:05 Europe/Berlin] PHP Warning:  Header may not contain more than a single header, new line detected in C:\xampp\htdocs\FYP-SOCPMS\index.php on line 14
[12-Dec-2024 08:25:09 Europe/Berlin] PHP Warning:  Header may not contain more than a single header, new line detected in C:\xampp\htdocs\FYP-SOCPMS\index.php on line 14
[12-Dec-2024 08:25:09 Europe/Berlin] Failed login attempt for email: joanchoo2201@hotmail.com
[12-Dec-2024 08:25:21 Europe/Berlin] PHP Warning:  Header may not contain more than a single header, new line detected in C:\xampp\htdocs\FYP-SOCPMS\index.php on line 14
[12-Dec-2024 08:25:21 Europe/Berlin] Login rate limit exceeded for IP: ::1
[12-Dec-2024 08:27:51 Europe/Berlin] PHP Warning:  Header may not contain more than a single header, new line detected in C:\xampp\htdocs\FYP-SOCPMS\index.php on line 14
[12-Dec-2024 08:27:51 Europe/Berlin] PHP Warning:  Undefined array key "attempt_ip" in C:\xampp\htdocs\FYP-SOCPMS\index.php on line 27
[12-Dec-2024 08:27:58 Europe/Berlin] PHP Warning:  Header may not contain more than a single header, new line detected in C:\xampp\htdocs\FYP-SOCPMS\index.php on line 14
[12-Dec-2024 08:27:58 Europe/Berlin] Successful login: joanchoo2201@hotmail.com from IP: ::1
[12-Dec-2024 08:27:58 Europe/Berlin] Successful login: joanchoo2201@hotmail.com
[12-Dec-2024 08:27:58 Europe/Berlin] PHP Warning:  Undefined array key "email" in C:\xampp\htdocs\FYP-SOCPMS\admin_dashboard.php on line 439
[12-Dec-2024 08:27:58 Europe/Berlin] PHP Warning:  Undefined array key "phone" in C:\xampp\htdocs\FYP-SOCPMS\admin_dashboard.php on line 440
[12-Dec-2024 08:27:58 Europe/Berlin] PHP Warning:  Undefined array key "address" in C:\xampp\htdocs\FYP-SOCPMS\admin_dashboard.php on line 441
[12-Dec-2024 08:28:40 Europe/Berlin] PHP Warning:  Undefined array key "email" in C:\xampp\htdocs\FYP-SOCPMS\admin_dashboard.php on line 439
[12-Dec-2024 08:28:40 Europe/Berlin] PHP Warning:  Undefined array key "phone" in C:\xampp\htdocs\FYP-SOCPMS\admin_dashboard.php on line 440
[12-Dec-2024 08:28:40 Europe/Berlin] PHP Warning:  Undefined array key "address" in C:\xampp\htdocs\FYP-SOCPMS\admin_dashboard.php on line 441
[12-Dec-2024 08:29:29 Europe/Berlin] PHP Warning:  Undefined array key "email" in C:\xampp\htdocs\FYP-SOCPMS\admin_dashboard.php on line 439
[12-Dec-2024 08:29:29 Europe/Berlin] PHP Warning:  Undefined array key "phone" in C:\xampp\htdocs\FYP-SOCPMS\admin_dashboard.php on line 440
[12-Dec-2024 08:29:29 Europe/Berlin] PHP Warning:  Undefined array key "address" in C:\xampp\htdocs\FYP-SOCPMS\admin_dashboard.php on line 441
[12-Dec-2024 08:33:35 Europe/Berlin] Database error in admin_dashboard: SQLSTATE[42S22]: Column not found: 1054 Unknown column 'u.phone' in 'field list'
[12-Dec-2024 08:33:35 Europe/Berlin] PHP Fatal error:  Uncaught PDOException: SQLSTATE[42S22]: Column not found: 1054 Unknown column 'u.phone' in 'field list' in C:\xampp\htdocs\FYP-SOCPMS\admin_dashboard.php:154
Stack trace:
#0 C:\xampp\htdocs\FYP-SOCPMS\admin_dashboard.php(154): PDO->prepare('SELECT p.*, u.n...')
#1 {main}
  thrown in C:\xampp\htdocs\FYP-SOCPMS\admin_dashboard.php on line 154
[12-Dec-2024 08:36:57 Europe/Berlin] Database error in admin_dashboard: SQLSTATE[42000]: Syntax error or access violation: 1064 You have an error in your SQL syntax; check the manual that corresponds to your MySQL server version for the right syntax to use near 'FROM tbl_ppw p 
JOIN tbl_users u ON p.id = u.id 
ORDER BY p.submission_time DE' at line 6
[12-Dec-2024 08:36:57 Europe/Berlin] PHP Fatal error:  Uncaught PDOException: SQLSTATE[42000]: Syntax error or access violation: 1064 You have an error in your SQL syntax; check the manual that corresponds to your MySQL server version for the right syntax to use near 'FROM tbl_ppw p 
JOIN tbl_users u ON p.id = u.id 
ORDER BY p.submission_time DE' at line 6 in C:\xampp\htdocs\FYP-SOCPMS\admin_dashboard.php:158
Stack trace:
#0 C:\xampp\htdocs\FYP-SOCPMS\admin_dashboard.php(158): PDO->prepare('SELECT \r\n    p....')
#1 {main}
  thrown in C:\xampp\htdocs\FYP-SOCPMS\admin_dashboard.php on line 158
[12-Dec-2024 08:39:58 Europe/Berlin] PHP Warning:  Header may not contain more than a single header, new line detected in C:\xampp\htdocs\FYP-SOCPMS\admin_manage_account.php on line 24
[12-Dec-2024 09:09:59 Europe/Berlin] PHP Warning:  Cannot modify header information - headers already sent by (output started at C:\xampp\htdocs\FYP-SOCPMS\includes\header.php:75) in C:\xampp\htdocs\FYP-SOCPMS\admin_manage_account.php on line 21
[12-Dec-2024 09:09:59 Europe/Berlin] PHP Warning:  Cannot modify header information - headers already sent by (output started at C:\xampp\htdocs\FYP-SOCPMS\includes\header.php:75) in C:\xampp\htdocs\FYP-SOCPMS\admin_manage_account.php on line 22
[12-Dec-2024 09:09:59 Europe/Berlin] PHP Warning:  Cannot modify header information - headers already sent by (output started at C:\xampp\htdocs\FYP-SOCPMS\includes\header.php:75) in C:\xampp\htdocs\FYP-SOCPMS\admin_manage_account.php on line 23
[12-Dec-2024 09:10:01 Europe/Berlin] PHP Warning:  Cannot modify header information - headers already sent by (output started at C:\xampp\htdocs\FYP-SOCPMS\includes\header.php:75) in C:\xampp\htdocs\FYP-SOCPMS\admin_manage_account.php on line 21
[12-Dec-2024 09:10:01 Europe/Berlin] PHP Warning:  Cannot modify header information - headers already sent by (output started at C:\xampp\htdocs\FYP-SOCPMS\includes\header.php:75) in C:\xampp\htdocs\FYP-SOCPMS\admin_manage_account.php on line 22
[12-Dec-2024 09:10:01 Europe/Berlin] PHP Warning:  Cannot modify header information - headers already sent by (output started at C:\xampp\htdocs\FYP-SOCPMS\includes\header.php:75) in C:\xampp\htdocs\FYP-SOCPMS\admin_manage_account.php on line 23
[12-Dec-2024 09:10:06 Europe/Berlin] PHP Warning:  Cannot modify header information - headers already sent by (output started at C:\xampp\htdocs\FYP-SOCPMS\includes\header.php:75) in C:\xampp\htdocs\FYP-SOCPMS\admin_manage_account.php on line 21
[12-Dec-2024 09:10:06 Europe/Berlin] PHP Warning:  Cannot modify header information - headers already sent by (output started at C:\xampp\htdocs\FYP-SOCPMS\includes\header.php:75) in C:\xampp\htdocs\FYP-SOCPMS\admin_manage_account.php on line 22
[12-Dec-2024 09:10:06 Europe/Berlin] PHP Warning:  Cannot modify header information - headers already sent by (output started at C:\xampp\htdocs\FYP-SOCPMS\includes\header.php:75) in C:\xampp\htdocs\FYP-SOCPMS\admin_manage_account.php on line 23
[12-Dec-2024 09:10:50 Europe/Berlin] PHP Warning:  Cannot modify header information - headers already sent by (output started at C:\xampp\htdocs\FYP-SOCPMS\includes\header.php:85) in C:\xampp\htdocs\FYP-SOCPMS\admin_manage_account.php on line 21
[12-Dec-2024 09:10:50 Europe/Berlin] PHP Warning:  Cannot modify header information - headers already sent by (output started at C:\xampp\htdocs\FYP-SOCPMS\includes\header.php:85) in C:\xampp\htdocs\FYP-SOCPMS\admin_manage_account.php on line 22
[12-Dec-2024 09:10:50 Europe/Berlin] PHP Warning:  Cannot modify header information - headers already sent by (output started at C:\xampp\htdocs\FYP-SOCPMS\includes\header.php:85) in C:\xampp\htdocs\FYP-SOCPMS\admin_manage_account.php on line 23
[12-Dec-2024 09:15:56 Europe/Berlin] PHP Warning:  Cannot modify header information - headers already sent by (output started at C:\xampp\htdocs\FYP-SOCPMS\includes\header.php:85) in C:\xampp\htdocs\FYP-SOCPMS\admin_manage_account.php on line 21
[12-Dec-2024 09:15:56 Europe/Berlin] PHP Warning:  Cannot modify header information - headers already sent by (output started at C:\xampp\htdocs\FYP-SOCPMS\includes\header.php:85) in C:\xampp\htdocs\FYP-SOCPMS\admin_manage_account.php on line 22
[12-Dec-2024 09:15:56 Europe/Berlin] PHP Warning:  Cannot modify header information - headers already sent by (output started at C:\xampp\htdocs\FYP-SOCPMS\includes\header.php:85) in C:\xampp\htdocs\FYP-SOCPMS\admin_manage_account.php on line 23
[12-Dec-2024 09:16:06 Europe/Berlin] Settings update error: SQLSTATE[42S22]: Column not found: 1054 Unknown column 'settings' in 'field list'
[12-Dec-2024 09:16:25 Europe/Berlin] Settings update error: SQLSTATE[42S22]: Column not found: 1054 Unknown column 'settings' in 'field list'
[12-Dec-2024 09:16:36 Europe/Berlin] Settings update error: SQLSTATE[42S22]: Column not found: 1054 Unknown column 'settings' in 'field list'
[12-Dec-2024 09:24:06 Europe/Berlin] Settings update error: SQLSTATE[42S22]: Column not found: 1054 Unknown column 'last_updated' in 'field list'
[12-Dec-2024 09:43:03 Europe/Berlin] PHP Warning:  Cannot modify header information - headers already sent by (output started at C:\xampp\htdocs\FYP-SOCPMS\includes\header.php:85) in C:\xampp\htdocs\FYP-SOCPMS\admin_manage_account.php on line 21
[12-Dec-2024 09:43:03 Europe/Berlin] PHP Warning:  Cannot modify header information - headers already sent by (output started at C:\xampp\htdocs\FYP-SOCPMS\includes\header.php:85) in C:\xampp\htdocs\FYP-SOCPMS\admin_manage_account.php on line 22
[12-Dec-2024 09:43:03 Europe/Berlin] PHP Warning:  Cannot modify header information - headers already sent by (output started at C:\xampp\htdocs\FYP-SOCPMS\includes\header.php:85) in C:\xampp\htdocs\FYP-SOCPMS\admin_manage_account.php on line 23
[12-Dec-2024 11:06:36 Europe/Berlin] Database connection error: SQLSTATE[HY000] [1045] Access denied for user 'root'@'localhost' (using password: YES)
[12-Dec-2024 11:06:39 Europe/Berlin] Database connection error: SQLSTATE[HY000] [1045] Access denied for user 'root'@'localhost' (using password: YES)
[12-Dec-2024 11:06:40 Europe/Berlin] Database connection error: SQLSTATE[HY000] [1045] Access denied for user 'root'@'localhost' (using password: YES)
[12-Dec-2024 11:08:10 Europe/Berlin] Database connection error: SQLSTATE[HY000] [1045] Access denied for user 'root'@'localhost' (using password: YES)
[12-Dec-2024 11:08:13 Europe/Berlin] Database connection error: SQLSTATE[HY000] [1045] Access denied for user 'root'@'localhost' (using password: YES)
[12-Dec-2024 11:08:39 Europe/Berlin] Successful login: joanchoo2201@hotmail.com from IP: ::1
[12-Dec-2024 11:08:39 Europe/Berlin] Successful login: joanchoo2201@hotmail.com
[12-Dec-2024 11:09:22 Europe/Berlin] PHP Warning:  Cannot modify header information - headers already sent by (output started at C:\xampp\htdocs\FYP-SOCPMS\includes\header.php:85) in C:\xampp\htdocs\FYP-SOCPMS\admin_manage_account.php on line 21
[12-Dec-2024 11:09:22 Europe/Berlin] PHP Warning:  Cannot modify header information - headers already sent by (output started at C:\xampp\htdocs\FYP-SOCPMS\includes\header.php:85) in C:\xampp\htdocs\FYP-SOCPMS\admin_manage_account.php on line 22
[12-Dec-2024 11:09:22 Europe/Berlin] PHP Warning:  Cannot modify header information - headers already sent by (output started at C:\xampp\htdocs\FYP-SOCPMS\includes\header.php:85) in C:\xampp\htdocs\FYP-SOCPMS\admin_manage_account.php on line 23
[12-Dec-2024 11:09:29 Europe/Berlin] PHP Warning:  Cannot modify header information - headers already sent by (output started at C:\xampp\htdocs\FYP-SOCPMS\includes\header.php:85) in C:\xampp\htdocs\FYP-SOCPMS\admin_manage_account.php on line 21
[12-Dec-2024 11:09:29 Europe/Berlin] PHP Warning:  Cannot modify header information - headers already sent by (output started at C:\xampp\htdocs\FYP-SOCPMS\includes\header.php:85) in C:\xampp\htdocs\FYP-SOCPMS\admin_manage_account.php on line 22
[12-Dec-2024 11:09:29 Europe/Berlin] PHP Warning:  Cannot modify header information - headers already sent by (output started at C:\xampp\htdocs\FYP-SOCPMS\includes\header.php:85) in C:\xampp\htdocs\FYP-SOCPMS\admin_manage_account.php on line 23
[12-Dec-2024 11:11:55 Europe/Berlin] PHP Warning:  Cannot modify header information - headers already sent by (output started at C:\xampp\htdocs\FYP-SOCPMS\includes\header.php:85) in C:\xampp\htdocs\FYP-SOCPMS\admin_manage_account.php on line 21
[12-Dec-2024 11:11:55 Europe/Berlin] PHP Warning:  Cannot modify header information - headers already sent by (output started at C:\xampp\htdocs\FYP-SOCPMS\includes\header.php:85) in C:\xampp\htdocs\FYP-SOCPMS\admin_manage_account.php on line 22
[12-Dec-2024 11:11:55 Europe/Berlin] PHP Warning:  Cannot modify header information - headers already sent by (output started at C:\xampp\htdocs\FYP-SOCPMS\includes\header.php:85) in C:\xampp\htdocs\FYP-SOCPMS\admin_manage_account.php on line 23
[12-Dec-2024 11:14:07 Europe/Berlin] PHP Warning:  Cannot modify header information - headers already sent by (output started at C:\xampp\htdocs\FYP-SOCPMS\includes\header.php:85) in C:\xampp\htdocs\FYP-SOCPMS\admin_manage_account.php on line 21
[12-Dec-2024 11:14:07 Europe/Berlin] PHP Warning:  Cannot modify header information - headers already sent by (output started at C:\xampp\htdocs\FYP-SOCPMS\includes\header.php:85) in C:\xampp\htdocs\FYP-SOCPMS\admin_manage_account.php on line 22
[12-Dec-2024 11:14:07 Europe/Berlin] PHP Warning:  Cannot modify header information - headers already sent by (output started at C:\xampp\htdocs\FYP-SOCPMS\includes\header.php:85) in C:\xampp\htdocs\FYP-SOCPMS\admin_manage_account.php on line 23
[12-Dec-2024 10:32:27 UTC] Database connection error: SQLSTATE[HY000] [2002] php_network_getaddresses: getaddrinfo for db failed: Name or service not known
[16-Dec-2024 10:09:28 Europe/Berlin] Database connection error: SQLSTATE[HY000] [1045] Access denied for user 'root'@'localhost' (using password: NO)
[16-Dec-2024 10:09:51 Europe/Berlin] PHP Warning:  require_once(telegram_bot.php): Failed to open stream: No such file or directory in C:\xampp\htdocs\FYP-SOCPMS\dbconnect.php on line 47
[16-Dec-2024 10:09:51 Europe/Berlin] PHP Fatal error:  Uncaught Error: Failed opening required 'telegram_bot.php' (include_path='C:\xampp\php\PEAR') in C:\xampp\htdocs\FYP-SOCPMS\dbconnect.php:47
Stack trace:
#0 C:\xampp\htdocs\FYP-SOCPMS\index.php(3): include()
#1 {main}
  thrown in C:\xampp\htdocs\FYP-SOCPMS\dbconnect.php on line 47
[16-Dec-2024 10:09:56 Europe/Berlin] PHP Warning:  require_once(telegram_bot.php): Failed to open stream: No such file or directory in C:\xampp\htdocs\FYP-SOCPMS\dbconnect.php on line 47
[16-Dec-2024 10:09:56 Europe/Berlin] PHP Fatal error:  Uncaught Error: Failed opening required 'telegram_bot.php' (include_path='C:\xampp\php\PEAR') in C:\xampp\htdocs\FYP-SOCPMS\dbconnect.php:47
Stack trace:
#0 C:\xampp\htdocs\FYP-SOCPMS\index.php(3): include()
#1 {main}
  thrown in C:\xampp\htdocs\FYP-SOCPMS\dbconnect.php on line 47
[16-Dec-2024 10:10:13 Europe/Berlin] PHP Warning:  require_once(telegram_bot.php): Failed to open stream: No such file or directory in C:\xampp\htdocs\FYP-SOCPMS\dbconnect.php on line 47
[16-Dec-2024 10:10:13 Europe/Berlin] PHP Fatal error:  Uncaught Error: Failed opening required 'telegram_bot.php' (include_path='C:\xampp\php\PEAR') in C:\xampp\htdocs\FYP-SOCPMS\dbconnect.php:47
Stack trace:
#0 C:\xampp\htdocs\FYP-SOCPMS\index.php(3): include()
#1 {main}
  thrown in C:\xampp\htdocs\FYP-SOCPMS\dbconnect.php on line 47
[16-Dec-2024 14:05:01 Europe/Berlin] PHP Warning:  require_once(telegram_bot.php): Failed to open stream: No such file or directory in C:\xampp\htdocs\FYP-SOCPMS\dbconnect.php on line 47
[16-Dec-2024 14:05:01 Europe/Berlin] PHP Fatal error:  Uncaught Error: Failed opening required 'telegram_bot.php' (include_path='C:\xampp\php\PEAR') in C:\xampp\htdocs\FYP-SOCPMS\dbconnect.php:47
Stack trace:
#0 C:\xampp\htdocs\FYP-SOCPMS\index.php(3): include()
#1 {main}
  thrown in C:\xampp\htdocs\FYP-SOCPMS\dbconnect.php on line 47
[16-Dec-2024 14:15:34 Europe/Berlin] Successful login: joanchoo2201@hotmail.com from IP: ::1
[16-Dec-2024 14:15:34 Europe/Berlin] Successful login: joanchoo2201@hotmail.com
[16-Dec-2024 16:35:29 Europe/Berlin] Database connection error: SQLSTATE[HY000] [1045] Access denied for user 'r1'@'localhost' (using password: NO)
[16-Dec-2024 16:38:06 Europe/Berlin] Successful login: joanchoo2201@hotmail.com from IP: ::1
[16-Dec-2024 16:38:06 Europe/Berlin] Successful login: joanchoo2201@hotmail.com
[16-Dec-2024 15:42:20 UTC] Successful login: joanchoo2201@hotmail.com from IP: 172.20.0.1
[16-Dec-2024 15:42:20 UTC] Successful login: joanchoo2201@hotmail.com
[18-Dec-2024 15:47:12 Europe/Berlin] Successful login: joanchoo2201@hotmail.com from IP: ::1
[18-Dec-2024 15:47:12 Europe/Berlin] Successful login: joanchoo2201@hotmail.com
[18-Dec-2024 15:53:06 Europe/Berlin] Successful login: honjunyoon@hotmail.com from IP: ::1
[18-Dec-2024 15:53:06 Europe/Berlin] Successful login: honjunyoon@hotmail.com
[18-Dec-2024 15:53:06 Europe/Berlin] PHP Fatal error:  Uncaught PDOException: SQLSTATE[HY093]: Invalid parameter number in C:\xampp\htdocs\FYP-SOCPMS\user_dashboard.php:141
Stack trace:
#0 C:\xampp\htdocs\FYP-SOCPMS\user_dashboard.php(141): PDOStatement->bindParam(':id', 2, 1)
#1 {main}
  thrown in C:\xampp\htdocs\FYP-SOCPMS\user_dashboard.php on line 141
[18-Dec-2024 15:56:50 Europe/Berlin] PHP Warning:  Undefined variable $row in C:\xampp\htdocs\FYP-SOCPMS\user_manage_account.php on line 251
[18-Dec-2024 15:56:50 Europe/Berlin] PHP Warning:  Trying to access array offset on value of type null in C:\xampp\htdocs\FYP-SOCPMS\user_manage_account.php on line 251
[18-Dec-2024 15:56:50 Europe/Berlin] PHP Deprecated:  htmlspecialchars(): Passing null to parameter #1 ($string) of type string is deprecated in C:\xampp\htdocs\FYP-SOCPMS\user_manage_account.php on line 251
[18-Dec-2024 15:56:50 Europe/Berlin] PHP Warning:  Undefined variable $row in C:\xampp\htdocs\FYP-SOCPMS\user_manage_account.php on line 255
[18-Dec-2024 15:56:50 Europe/Berlin] PHP Warning:  Trying to access array offset on value of type null in C:\xampp\htdocs\FYP-SOCPMS\user_manage_account.php on line 255
[18-Dec-2024 15:56:50 Europe/Berlin] PHP Deprecated:  htmlspecialchars(): Passing null to parameter #1 ($string) of type string is deprecated in C:\xampp\htdocs\FYP-SOCPMS\user_manage_account.php on line 255
[18-Dec-2024 15:57:30 Europe/Berlin] PHP Warning:  Undefined variable $row in C:\xampp\htdocs\FYP-SOCPMS\user_manage_account.php on line 264
[18-Dec-2024 15:57:30 Europe/Berlin] PHP Warning:  Trying to access array offset on value of type null in C:\xampp\htdocs\FYP-SOCPMS\user_manage_account.php on line 264
[18-Dec-2024 15:57:30 Europe/Berlin] PHP Deprecated:  htmlspecialchars(): Passing null to parameter #1 ($string) of type string is deprecated in C:\xampp\htdocs\FYP-SOCPMS\user_manage_account.php on line 264
[18-Dec-2024 15:57:30 Europe/Berlin] PHP Warning:  Undefined variable $row in C:\xampp\htdocs\FYP-SOCPMS\user_manage_account.php on line 269
[18-Dec-2024 15:57:30 Europe/Berlin] PHP Warning:  Trying to access array offset on value of type null in C:\xampp\htdocs\FYP-SOCPMS\user_manage_account.php on line 269
[18-Dec-2024 15:57:30 Europe/Berlin] PHP Deprecated:  htmlspecialchars(): Passing null to parameter #1 ($string) of type string is deprecated in C:\xampp\htdocs\FYP-SOCPMS\user_manage_account.php on line 269
[18-Dec-2024 16:02:06 Europe/Berlin] PHP Warning:  Undefined variable $row in C:\xampp\htdocs\FYP-SOCPMS\user_manage_account.php on line 264
[18-Dec-2024 16:02:06 Europe/Berlin] PHP Warning:  Trying to access array offset on value of type null in C:\xampp\htdocs\FYP-SOCPMS\user_manage_account.php on line 264
[18-Dec-2024 16:02:06 Europe/Berlin] PHP Deprecated:  htmlspecialchars(): Passing null to parameter #1 ($string) of type string is deprecated in C:\xampp\htdocs\FYP-SOCPMS\user_manage_account.php on line 264
[18-Dec-2024 16:02:06 Europe/Berlin] PHP Warning:  Undefined variable $row in C:\xampp\htdocs\FYP-SOCPMS\user_manage_account.php on line 269
[18-Dec-2024 16:02:06 Europe/Berlin] PHP Warning:  Trying to access array offset on value of type null in C:\xampp\htdocs\FYP-SOCPMS\user_manage_account.php on line 269
[18-Dec-2024 16:02:06 Europe/Berlin] PHP Deprecated:  htmlspecialchars(): Passing null to parameter #1 ($string) of type string is deprecated in C:\xampp\htdocs\FYP-SOCPMS\user_manage_account.php on line 269
[18-Dec-2024 16:02:43 Europe/Berlin] PHP Fatal error:  Uncaught PDOException: SQLSTATE[HY093]: Invalid parameter number in C:\xampp\htdocs\FYP-SOCPMS\user_dashboard.php:141
Stack trace:
#0 C:\xampp\htdocs\FYP-SOCPMS\user_dashboard.php(141): PDOStatement->bindParam(':id', 2, 1)
#1 {main}
  thrown in C:\xampp\htdocs\FYP-SOCPMS\user_dashboard.php on line 141
[18-Dec-2024 16:07:59 Europe/Berlin] PHP Fatal error:  Uncaught PDOException: SQLSTATE[HY093]: Invalid parameter number in C:\xampp\htdocs\FYP-SOCPMS\user_dashboard.php:141
Stack trace:
#0 C:\xampp\htdocs\FYP-SOCPMS\user_dashboard.php(141): PDOStatement->bindParam(':id', 2, 1)
#1 {main}
  thrown in C:\xampp\htdocs\FYP-SOCPMS\user_dashboard.php on line 141
[18-Dec-2024 16:09:47 Europe/Berlin] PHP Warning:  Undefined variable $row in C:\xampp\htdocs\FYP-SOCPMS\user_dashboard.php on line 413
[18-Dec-2024 16:09:47 Europe/Berlin] PHP Warning:  Trying to access array offset on value of type null in C:\xampp\htdocs\FYP-SOCPMS\user_dashboard.php on line 413
[18-Dec-2024 16:09:47 Europe/Berlin] PHP Warning:  Undefined variable $row in C:\xampp\htdocs\FYP-SOCPMS\user_dashboard.php on line 436
[18-Dec-2024 16:09:47 Europe/Berlin] PHP Warning:  Trying to access array offset on value of type null in C:\xampp\htdocs\FYP-SOCPMS\user_dashboard.php on line 436
[18-Dec-2024 16:09:47 Europe/Berlin] PHP Deprecated:  strtotime(): Passing null to parameter #1 ($datetime) of type string is deprecated in C:\xampp\htdocs\FYP-SOCPMS\user_dashboard.php on line 436
[18-Dec-2024 16:09:47 Europe/Berlin] PHP Warning:  Undefined variable $row in C:\xampp\htdocs\FYP-SOCPMS\user_dashboard.php on line 439
[18-Dec-2024 16:09:47 Europe/Berlin] PHP Warning:  Trying to access array offset on value of type null in C:\xampp\htdocs\FYP-SOCPMS\user_dashboard.php on line 439
[18-Dec-2024 16:09:47 Europe/Berlin] PHP Deprecated:  htmlspecialchars(): Passing null to parameter #1 ($string) of type string is deprecated in C:\xampp\htdocs\FYP-SOCPMS\user_dashboard.php on line 439
[18-Dec-2024 16:09:47 Europe/Berlin] PHP Warning:  Undefined variable $row in C:\xampp\htdocs\FYP-SOCPMS\user_dashboard.php on line 443
[18-Dec-2024 16:09:47 Europe/Berlin] PHP Warning:  Trying to access array offset on value of type null in C:\xampp\htdocs\FYP-SOCPMS\user_dashboard.php on line 443
[18-Dec-2024 16:10:01 Europe/Berlin] Successful login: honjunyoon@hotmail.com from IP: ::1
[18-Dec-2024 16:10:01 Europe/Berlin] Successful login: honjunyoon@hotmail.com
[18-Dec-2024 16:10:01 Europe/Berlin] PHP Warning:  Undefined variable $row in C:\xampp\htdocs\FYP-SOCPMS\user_dashboard.php on line 413
[18-Dec-2024 16:10:01 Europe/Berlin] PHP Warning:  Trying to access array offset on value of type null in C:\xampp\htdocs\FYP-SOCPMS\user_dashboard.php on line 413
[18-Dec-2024 16:10:01 Europe/Berlin] PHP Warning:  Undefined variable $row in C:\xampp\htdocs\FYP-SOCPMS\user_dashboard.php on line 436
[18-Dec-2024 16:10:01 Europe/Berlin] PHP Warning:  Trying to access array offset on value of type null in C:\xampp\htdocs\FYP-SOCPMS\user_dashboard.php on line 436
[18-Dec-2024 16:10:01 Europe/Berlin] PHP Deprecated:  strtotime(): Passing null to parameter #1 ($datetime) of type string is deprecated in C:\xampp\htdocs\FYP-SOCPMS\user_dashboard.php on line 436
[18-Dec-2024 16:10:01 Europe/Berlin] PHP Warning:  Undefined variable $row in C:\xampp\htdocs\FYP-SOCPMS\user_dashboard.php on line 439
[18-Dec-2024 16:10:01 Europe/Berlin] PHP Warning:  Trying to access array offset on value of type null in C:\xampp\htdocs\FYP-SOCPMS\user_dashboard.php on line 439
[18-Dec-2024 16:10:01 Europe/Berlin] PHP Deprecated:  htmlspecialchars(): Passing null to parameter #1 ($string) of type string is deprecated in C:\xampp\htdocs\FYP-SOCPMS\user_dashboard.php on line 439
[18-Dec-2024 16:10:01 Europe/Berlin] PHP Warning:  Undefined variable $row in C:\xampp\htdocs\FYP-SOCPMS\user_dashboard.php on line 443
[18-Dec-2024 16:10:01 Europe/Berlin] PHP Warning:  Trying to access array offset on value of type null in C:\xampp\htdocs\FYP-SOCPMS\user_dashboard.php on line 443
[18-Dec-2024 16:10:26 Europe/Berlin] PHP Deprecated:  Constant FILTER_SANITIZE_STRING is deprecated in C:\xampp\htdocs\FYP-SOCPMS\user_manage_account.php on line 130
[18-Dec-2024 16:10:26 Europe/Berlin] PHP Warning:  Undefined array key "theme" in C:\xampp\htdocs\FYP-SOCPMS\user_manage_account.php on line 160
[18-Dec-2024 16:10:28 Europe/Berlin] PHP Warning:  Undefined variable $row in C:\xampp\htdocs\FYP-SOCPMS\user_dashboard.php on line 413
[18-Dec-2024 16:10:28 Europe/Berlin] PHP Warning:  Trying to access array offset on value of type null in C:\xampp\htdocs\FYP-SOCPMS\user_dashboard.php on line 413
[18-Dec-2024 16:10:28 Europe/Berlin] PHP Warning:  Undefined variable $row in C:\xampp\htdocs\FYP-SOCPMS\user_dashboard.php on line 436
[18-Dec-2024 16:10:28 Europe/Berlin] PHP Warning:  Trying to access array offset on value of type null in C:\xampp\htdocs\FYP-SOCPMS\user_dashboard.php on line 436
[18-Dec-2024 16:10:28 Europe/Berlin] PHP Deprecated:  strtotime(): Passing null to parameter #1 ($datetime) of type string is deprecated in C:\xampp\htdocs\FYP-SOCPMS\user_dashboard.php on line 436
[18-Dec-2024 16:10:28 Europe/Berlin] PHP Warning:  Undefined variable $row in C:\xampp\htdocs\FYP-SOCPMS\user_dashboard.php on line 439
[18-Dec-2024 16:10:28 Europe/Berlin] PHP Warning:  Trying to access array offset on value of type null in C:\xampp\htdocs\FYP-SOCPMS\user_dashboard.php on line 439
[18-Dec-2024 16:10:28 Europe/Berlin] PHP Deprecated:  htmlspecialchars(): Passing null to parameter #1 ($string) of type string is deprecated in C:\xampp\htdocs\FYP-SOCPMS\user_dashboard.php on line 439
[18-Dec-2024 16:10:28 Europe/Berlin] PHP Warning:  Undefined variable $row in C:\xampp\htdocs\FYP-SOCPMS\user_dashboard.php on line 443
[18-Dec-2024 16:10:28 Europe/Berlin] PHP Warning:  Trying to access array offset on value of type null in C:\xampp\htdocs\FYP-SOCPMS\user_dashboard.php on line 443
[18-Dec-2024 16:13:34 Europe/Berlin] PHP Warning:  Undefined variable $row in C:\xampp\htdocs\FYP-SOCPMS\user_dashboard.php on line 413
[18-Dec-2024 16:13:34 Europe/Berlin] PHP Warning:  Trying to access array offset on value of type null in C:\xampp\htdocs\FYP-SOCPMS\user_dashboard.php on line 413
[18-Dec-2024 16:13:34 Europe/Berlin] PHP Warning:  Undefined variable $row in C:\xampp\htdocs\FYP-SOCPMS\user_dashboard.php on line 436
[18-Dec-2024 16:13:34 Europe/Berlin] PHP Warning:  Trying to access array offset on value of type null in C:\xampp\htdocs\FYP-SOCPMS\user_dashboard.php on line 436
[18-Dec-2024 16:13:34 Europe/Berlin] PHP Deprecated:  strtotime(): Passing null to parameter #1 ($datetime) of type string is deprecated in C:\xampp\htdocs\FYP-SOCPMS\user_dashboard.php on line 436
[18-Dec-2024 16:13:34 Europe/Berlin] PHP Warning:  Undefined variable $row in C:\xampp\htdocs\FYP-SOCPMS\user_dashboard.php on line 439
[18-Dec-2024 16:13:34 Europe/Berlin] PHP Warning:  Trying to access array offset on value of type null in C:\xampp\htdocs\FYP-SOCPMS\user_dashboard.php on line 439
[18-Dec-2024 16:13:34 Europe/Berlin] PHP Deprecated:  htmlspecialchars(): Passing null to parameter #1 ($string) of type string is deprecated in C:\xampp\htdocs\FYP-SOCPMS\user_dashboard.php on line 439
[18-Dec-2024 16:13:34 Europe/Berlin] PHP Warning:  Undefined variable $row in C:\xampp\htdocs\FYP-SOCPMS\user_dashboard.php on line 443
[18-Dec-2024 16:13:34 Europe/Berlin] PHP Warning:  Trying to access array offset on value of type null in C:\xampp\htdocs\FYP-SOCPMS\user_dashboard.php on line 443
[18-Dec-2024 16:13:59 Europe/Berlin] PHP Fatal error:  Uncaught PDOException: SQLSTATE[42S22]: Column not found: 1054 Unknown column 'p.user_email' in 'where clause' in C:\xampp\htdocs\FYP-SOCPMS\user_dashboard.php:146
Stack trace:
#0 C:\xampp\htdocs\FYP-SOCPMS\user_dashboard.php(146): PDO->prepare('SELECT p.*, u.n...')
#1 {main}
  thrown in C:\xampp\htdocs\FYP-SOCPMS\user_dashboard.php on line 146
[18-Dec-2024 16:21:02 Europe/Berlin] PHP Warning:  Undefined variable $number_of_pages in C:\xampp\htdocs\FYP-SOCPMS\user_dashboard.php on line 389
[18-Dec-2024 16:21:02 Europe/Berlin] PHP Warning:  Undefined variable $row in C:\xampp\htdocs\FYP-SOCPMS\user_dashboard.php on line 427
[18-Dec-2024 16:21:02 Europe/Berlin] PHP Warning:  Trying to access array offset on value of type null in C:\xampp\htdocs\FYP-SOCPMS\user_dashboard.php on line 427
[18-Dec-2024 16:21:02 Europe/Berlin] PHP Warning:  Undefined variable $row in C:\xampp\htdocs\FYP-SOCPMS\user_dashboard.php on line 450
[18-Dec-2024 16:21:02 Europe/Berlin] PHP Warning:  Trying to access array offset on value of type null in C:\xampp\htdocs\FYP-SOCPMS\user_dashboard.php on line 450
[18-Dec-2024 16:21:02 Europe/Berlin] PHP Deprecated:  strtotime(): Passing null to parameter #1 ($datetime) of type string is deprecated in C:\xampp\htdocs\FYP-SOCPMS\user_dashboard.php on line 450
[18-Dec-2024 16:21:02 Europe/Berlin] PHP Warning:  Undefined variable $row in C:\xampp\htdocs\FYP-SOCPMS\user_dashboard.php on line 453
[18-Dec-2024 16:21:02 Europe/Berlin] PHP Warning:  Trying to access array offset on value of type null in C:\xampp\htdocs\FYP-SOCPMS\user_dashboard.php on line 453
[18-Dec-2024 16:21:02 Europe/Berlin] PHP Deprecated:  htmlspecialchars(): Passing null to parameter #1 ($string) of type string is deprecated in C:\xampp\htdocs\FYP-SOCPMS\user_dashboard.php on line 453
[18-Dec-2024 16:21:02 Europe/Berlin] PHP Warning:  Undefined variable $row in C:\xampp\htdocs\FYP-SOCPMS\user_dashboard.php on line 457
[18-Dec-2024 16:21:02 Europe/Berlin] PHP Warning:  Trying to access array offset on value of type null in C:\xampp\htdocs\FYP-SOCPMS\user_dashboard.php on line 457
[18-Dec-2024 16:21:29 Europe/Berlin] PHP Warning:  Undefined variable $number_of_pages in C:\xampp\htdocs\FYP-SOCPMS\user_dashboard.php on line 389
[18-Dec-2024 16:21:29 Europe/Berlin] PHP Warning:  Undefined variable $row in C:\xampp\htdocs\FYP-SOCPMS\user_dashboard.php on line 427
[18-Dec-2024 16:21:29 Europe/Berlin] PHP Warning:  Trying to access array offset on value of type null in C:\xampp\htdocs\FYP-SOCPMS\user_dashboard.php on line 427
[18-Dec-2024 16:21:29 Europe/Berlin] PHP Warning:  Undefined variable $row in C:\xampp\htdocs\FYP-SOCPMS\user_dashboard.php on line 450
[18-Dec-2024 16:21:29 Europe/Berlin] PHP Warning:  Trying to access array offset on value of type null in C:\xampp\htdocs\FYP-SOCPMS\user_dashboard.php on line 450
[18-Dec-2024 16:21:29 Europe/Berlin] PHP Deprecated:  strtotime(): Passing null to parameter #1 ($datetime) of type string is deprecated in C:\xampp\htdocs\FYP-SOCPMS\user_dashboard.php on line 450
[18-Dec-2024 16:21:29 Europe/Berlin] PHP Warning:  Undefined variable $row in C:\xampp\htdocs\FYP-SOCPMS\user_dashboard.php on line 453
[18-Dec-2024 16:21:29 Europe/Berlin] PHP Warning:  Trying to access array offset on value of type null in C:\xampp\htdocs\FYP-SOCPMS\user_dashboard.php on line 453
[18-Dec-2024 16:21:29 Europe/Berlin] PHP Deprecated:  htmlspecialchars(): Passing null to parameter #1 ($string) of type string is deprecated in C:\xampp\htdocs\FYP-SOCPMS\user_dashboard.php on line 453
[18-Dec-2024 16:21:29 Europe/Berlin] PHP Warning:  Undefined variable $row in C:\xampp\htdocs\FYP-SOCPMS\user_dashboard.php on line 457
[18-Dec-2024 16:21:29 Europe/Berlin] PHP Warning:  Trying to access array offset on value of type null in C:\xampp\htdocs\FYP-SOCPMS\user_dashboard.php on line 457
[18-Dec-2024 16:21:35 Europe/Berlin] PHP Warning:  Undefined variable $number_of_pages in C:\xampp\htdocs\FYP-SOCPMS\user_dashboard.php on line 389
[18-Dec-2024 16:21:35 Europe/Berlin] PHP Warning:  Undefined variable $row in C:\xampp\htdocs\FYP-SOCPMS\user_dashboard.php on line 427
[18-Dec-2024 16:21:35 Europe/Berlin] PHP Warning:  Trying to access array offset on value of type null in C:\xampp\htdocs\FYP-SOCPMS\user_dashboard.php on line 427
[18-Dec-2024 16:21:35 Europe/Berlin] PHP Warning:  Undefined variable $row in C:\xampp\htdocs\FYP-SOCPMS\user_dashboard.php on line 450
[18-Dec-2024 16:21:35 Europe/Berlin] PHP Warning:  Trying to access array offset on value of type null in C:\xampp\htdocs\FYP-SOCPMS\user_dashboard.php on line 450
[18-Dec-2024 16:21:35 Europe/Berlin] PHP Deprecated:  strtotime(): Passing null to parameter #1 ($datetime) of type string is deprecated in C:\xampp\htdocs\FYP-SOCPMS\user_dashboard.php on line 450
[18-Dec-2024 16:21:35 Europe/Berlin] PHP Warning:  Undefined variable $row in C:\xampp\htdocs\FYP-SOCPMS\user_dashboard.php on line 453
[18-Dec-2024 16:21:35 Europe/Berlin] PHP Warning:  Trying to access array offset on value of type null in C:\xampp\htdocs\FYP-SOCPMS\user_dashboard.php on line 453
[18-Dec-2024 16:21:35 Europe/Berlin] PHP Deprecated:  htmlspecialchars(): Passing null to parameter #1 ($string) of type string is deprecated in C:\xampp\htdocs\FYP-SOCPMS\user_dashboard.php on line 453
[18-Dec-2024 16:21:35 Europe/Berlin] PHP Warning:  Undefined variable $row in C:\xampp\htdocs\FYP-SOCPMS\user_dashboard.php on line 457
[18-Dec-2024 16:21:35 Europe/Berlin] PHP Warning:  Trying to access array offset on value of type null in C:\xampp\htdocs\FYP-SOCPMS\user_dashboard.php on line 457
[18-Dec-2024 16:21:39 Europe/Berlin] PHP Warning:  Undefined variable $number_of_pages in C:\xampp\htdocs\FYP-SOCPMS\user_dashboard.php on line 389
[18-Dec-2024 16:21:39 Europe/Berlin] PHP Warning:  Undefined variable $row in C:\xampp\htdocs\FYP-SOCPMS\user_dashboard.php on line 427
[18-Dec-2024 16:21:39 Europe/Berlin] PHP Warning:  Trying to access array offset on value of type null in C:\xampp\htdocs\FYP-SOCPMS\user_dashboard.php on line 427
[18-Dec-2024 16:21:39 Europe/Berlin] PHP Warning:  Undefined variable $row in C:\xampp\htdocs\FYP-SOCPMS\user_dashboard.php on line 450
[18-Dec-2024 16:21:39 Europe/Berlin] PHP Warning:  Trying to access array offset on value of type null in C:\xampp\htdocs\FYP-SOCPMS\user_dashboard.php on line 450
[18-Dec-2024 16:21:39 Europe/Berlin] PHP Deprecated:  strtotime(): Passing null to parameter #1 ($datetime) of type string is deprecated in C:\xampp\htdocs\FYP-SOCPMS\user_dashboard.php on line 450
[18-Dec-2024 16:21:39 Europe/Berlin] PHP Warning:  Undefined variable $row in C:\xampp\htdocs\FYP-SOCPMS\user_dashboard.php on line 453
[18-Dec-2024 16:21:39 Europe/Berlin] PHP Warning:  Trying to access array offset on value of type null in C:\xampp\htdocs\FYP-SOCPMS\user_dashboard.php on line 453
[18-Dec-2024 16:21:39 Europe/Berlin] PHP Deprecated:  htmlspecialchars(): Passing null to parameter #1 ($string) of type string is deprecated in C:\xampp\htdocs\FYP-SOCPMS\user_dashboard.php on line 453
[18-Dec-2024 16:21:39 Europe/Berlin] PHP Warning:  Undefined variable $row in C:\xampp\htdocs\FYP-SOCPMS\user_dashboard.php on line 457
[18-Dec-2024 16:21:39 Europe/Berlin] PHP Warning:  Trying to access array offset on value of type null in C:\xampp\htdocs\FYP-SOCPMS\user_dashboard.php on line 457
[18-Dec-2024 16:21:50 Europe/Berlin] Successful login: honjunyoon@hotmail.com from IP: ::1
[18-Dec-2024 16:21:50 Europe/Berlin] Successful login: honjunyoon@hotmail.com
[18-Dec-2024 16:21:50 Europe/Berlin] PHP Warning:  Undefined variable $number_of_pages in C:\xampp\htdocs\FYP-SOCPMS\user_dashboard.php on line 389
[18-Dec-2024 16:21:50 Europe/Berlin] PHP Warning:  Undefined variable $row in C:\xampp\htdocs\FYP-SOCPMS\user_dashboard.php on line 427
[18-Dec-2024 16:21:50 Europe/Berlin] PHP Warning:  Trying to access array offset on value of type null in C:\xampp\htdocs\FYP-SOCPMS\user_dashboard.php on line 427
[18-Dec-2024 16:21:50 Europe/Berlin] PHP Warning:  Undefined variable $row in C:\xampp\htdocs\FYP-SOCPMS\user_dashboard.php on line 450
[18-Dec-2024 16:21:50 Europe/Berlin] PHP Warning:  Trying to access array offset on value of type null in C:\xampp\htdocs\FYP-SOCPMS\user_dashboard.php on line 450
[18-Dec-2024 16:21:50 Europe/Berlin] PHP Deprecated:  strtotime(): Passing null to parameter #1 ($datetime) of type string is deprecated in C:\xampp\htdocs\FYP-SOCPMS\user_dashboard.php on line 450
[18-Dec-2024 16:21:50 Europe/Berlin] PHP Warning:  Undefined variable $row in C:\xampp\htdocs\FYP-SOCPMS\user_dashboard.php on line 453
[18-Dec-2024 16:21:50 Europe/Berlin] PHP Warning:  Trying to access array offset on value of type null in C:\xampp\htdocs\FYP-SOCPMS\user_dashboard.php on line 453
[18-Dec-2024 16:21:50 Europe/Berlin] PHP Deprecated:  htmlspecialchars(): Passing null to parameter #1 ($string) of type string is deprecated in C:\xampp\htdocs\FYP-SOCPMS\user_dashboard.php on line 453
[18-Dec-2024 16:21:50 Europe/Berlin] PHP Warning:  Undefined variable $row in C:\xampp\htdocs\FYP-SOCPMS\user_dashboard.php on line 457
[18-Dec-2024 16:21:50 Europe/Berlin] PHP Warning:  Trying to access array offset on value of type null in C:\xampp\htdocs\FYP-SOCPMS\user_dashboard.php on line 457
[18-Dec-2024 16:25:51 Europe/Berlin] PHP Warning:  Undefined variable $number_of_pages in C:\xampp\htdocs\FYP-SOCPMS\user_dashboard.php on line 389
[18-Dec-2024 16:25:51 Europe/Berlin] PHP Warning:  Undefined variable $row in C:\xampp\htdocs\FYP-SOCPMS\user_dashboard.php on line 427
[18-Dec-2024 16:25:51 Europe/Berlin] PHP Warning:  Trying to access array offset on value of type null in C:\xampp\htdocs\FYP-SOCPMS\user_dashboard.php on line 427
[18-Dec-2024 16:25:51 Europe/Berlin] PHP Warning:  Undefined variable $row in C:\xampp\htdocs\FYP-SOCPMS\user_dashboard.php on line 450
[18-Dec-2024 16:25:51 Europe/Berlin] PHP Warning:  Trying to access array offset on value of type null in C:\xampp\htdocs\FYP-SOCPMS\user_dashboard.php on line 450
[18-Dec-2024 16:25:51 Europe/Berlin] PHP Deprecated:  strtotime(): Passing null to parameter #1 ($datetime) of type string is deprecated in C:\xampp\htdocs\FYP-SOCPMS\user_dashboard.php on line 450
[18-Dec-2024 16:25:51 Europe/Berlin] PHP Warning:  Undefined variable $row in C:\xampp\htdocs\FYP-SOCPMS\user_dashboard.php on line 453
[18-Dec-2024 16:25:51 Europe/Berlin] PHP Warning:  Trying to access array offset on value of type null in C:\xampp\htdocs\FYP-SOCPMS\user_dashboard.php on line 453
[18-Dec-2024 16:25:51 Europe/Berlin] PHP Deprecated:  htmlspecialchars(): Passing null to parameter #1 ($string) of type string is deprecated in C:\xampp\htdocs\FYP-SOCPMS\user_dashboard.php on line 453
[18-Dec-2024 16:25:51 Europe/Berlin] PHP Warning:  Undefined variable $row in C:\xampp\htdocs\FYP-SOCPMS\user_dashboard.php on line 457
[18-Dec-2024 16:25:51 Europe/Berlin] PHP Warning:  Trying to access array offset on value of type null in C:\xampp\htdocs\FYP-SOCPMS\user_dashboard.php on line 457
[18-Dec-2024 16:30:59 Europe/Berlin] Create paperwork error: SQLSTATE[HY000]: General error: 1364 Field 'user_email' doesn't have a default value
[18-Dec-2024 16:33:25 Europe/Berlin] PHP Warning:  file_get_contents(https://api.telegram.org/botyour_bot_token_here/sendMessage): Failed to open stream: HTTP request failed! HTTP/1.1 404 Not Found
 in C:\xampp\htdocs\FYP-SOCPMS\telegram\telegram_bot.php on line 79
[18-Dec-2024 16:33:27 Europe/Berlin] PHP Warning:  file_get_contents(https://api.telegram.org/botyour_bot_token_here/sendMessage): Failed to open stream: HTTP request failed! HTTP/1.1 404 Not Found
 in C:\xampp\htdocs\FYP-SOCPMS\telegram\telegram_bot.php on line 79
[18-Dec-2024 16:33:32 Europe/Berlin] PHP Warning:  file_get_contents(https://api.telegram.org/botyour_bot_token_here/sendMessage): Failed to open stream: HTTP request failed! HTTP/1.1 404 Not Found
 in C:\xampp\htdocs\FYP-SOCPMS\telegram\telegram_bot.php on line 79
[18-Dec-2024 16:33:38 Europe/Berlin] PHP Warning:  file_get_contents(https://api.telegram.org/botyour_bot_token_here/sendMessage): Failed to open stream: HTTP request failed! HTTP/1.1 404 Not Found
 in C:\xampp\htdocs\FYP-SOCPMS\telegram\telegram_bot.php on line 79
[18-Dec-2024 16:33:47 Europe/Berlin] PHP Warning:  Undefined array key "phone" in C:\xampp\htdocs\FYP-SOCPMS\user_dashboard.php on line 502
[18-Dec-2024 16:33:47 Europe/Berlin] PHP Warning:  Undefined array key "address" in C:\xampp\htdocs\FYP-SOCPMS\user_dashboard.php on line 503
[18-Dec-2024 16:38:25 Europe/Berlin] PHP Warning:  Undefined array key "phone" in C:\xampp\htdocs\FYP-SOCPMS\user_dashboard.php on line 609
[18-Dec-2024 16:38:25 Europe/Berlin] PHP Warning:  Undefined array key "address" in C:\xampp\htdocs\FYP-SOCPMS\user_dashboard.php on line 610
[18-Dec-2024 16:41:08 Europe/Berlin] PHP Warning:  Undefined array key "phone" in C:\xampp\htdocs\FYP-SOCPMS\user_dashboard.php on line 609
[18-Dec-2024 16:41:08 Europe/Berlin] PHP Warning:  Undefined array key "address" in C:\xampp\htdocs\FYP-SOCPMS\user_dashboard.php on line 610
[18-Dec-2024 16:42:03 Europe/Berlin] PHP Warning:  Undefined array key "phone" in C:\xampp\htdocs\FYP-SOCPMS\user_dashboard.php on line 609
[18-Dec-2024 16:42:03 Europe/Berlin] PHP Warning:  Undefined array key "address" in C:\xampp\htdocs\FYP-SOCPMS\user_dashboard.php on line 610
[18-Dec-2024 16:42:24 Europe/Berlin] PHP Warning:  Undefined array key "phone" in C:\xampp\htdocs\FYP-SOCPMS\user_dashboard.php on line 609
[18-Dec-2024 16:42:24 Europe/Berlin] PHP Warning:  Undefined array key "address" in C:\xampp\htdocs\FYP-SOCPMS\user_dashboard.php on line 610
[18-Dec-2024 16:42:54 Europe/Berlin] PHP Warning:  Undefined array key "phone" in C:\xampp\htdocs\FYP-SOCPMS\user_dashboard.php on line 609
[18-Dec-2024 16:42:54 Europe/Berlin] PHP Warning:  Undefined array key "address" in C:\xampp\htdocs\FYP-SOCPMS\user_dashboard.php on line 610
[18-Dec-2024 16:43:32 Europe/Berlin] PHP Warning:  Undefined array key "objective" in C:\xampp\htdocs\FYP-SOCPMS\viewpaperworkuser.php on line 183
[18-Dec-2024 16:43:32 Europe/Berlin] PHP Deprecated:  htmlspecialchars(): Passing null to parameter #1 ($string) of type string is deprecated in C:\xampp\htdocs\FYP-SOCPMS\viewpaperworkuser.php on line 183
[18-Dec-2024 16:43:32 Europe/Berlin] PHP Warning:  Undefined array key "purpose" in C:\xampp\htdocs\FYP-SOCPMS\viewpaperworkuser.php on line 195
[18-Dec-2024 16:43:32 Europe/Berlin] PHP Deprecated:  htmlspecialchars(): Passing null to parameter #1 ($string) of type string is deprecated in C:\xampp\htdocs\FYP-SOCPMS\viewpaperworkuser.php on line 195
[18-Dec-2024 16:43:32 Europe/Berlin] PHP Warning:  Undefined array key "background" in C:\xampp\htdocs\FYP-SOCPMS\viewpaperworkuser.php on line 207
[18-Dec-2024 16:43:32 Europe/Berlin] PHP Deprecated:  htmlspecialchars(): Passing null to parameter #1 ($string) of type string is deprecated in C:\xampp\htdocs\FYP-SOCPMS\viewpaperworkuser.php on line 207
[18-Dec-2024 16:43:37 Europe/Berlin] PHP Warning:  Undefined array key "phone" in C:\xampp\htdocs\FYP-SOCPMS\user_dashboard.php on line 609
[18-Dec-2024 16:43:37 Europe/Berlin] PHP Warning:  Undefined array key "address" in C:\xampp\htdocs\FYP-SOCPMS\user_dashboard.php on line 610
[18-Dec-2024 16:46:22 Europe/Berlin] PHP Warning:  Undefined array key "phone" in C:\xampp\htdocs\FYP-SOCPMS\user_dashboard.php on line 609
[18-Dec-2024 16:46:22 Europe/Berlin] PHP Warning:  Undefined array key "address" in C:\xampp\htdocs\FYP-SOCPMS\user_dashboard.php on line 610
[18-Dec-2024 16:47:02 Europe/Berlin] PHP Warning:  Undefined array key "phone" in C:\xampp\htdocs\FYP-SOCPMS\user_dashboard.php on line 609
[18-Dec-2024 16:47:02 Europe/Berlin] PHP Warning:  Undefined array key "address" in C:\xampp\htdocs\FYP-SOCPMS\user_dashboard.php on line 610
[18-Dec-2024 16:50:59 Europe/Berlin] PHP Warning:  Undefined array key "phone" in C:\xampp\htdocs\FYP-SOCPMS\user_dashboard.php on line 575
[18-Dec-2024 16:50:59 Europe/Berlin] PHP Warning:  Undefined array key "address" in C:\xampp\htdocs\FYP-SOCPMS\user_dashboard.php on line 576
[18-Dec-2024 16:51:15 Europe/Berlin] PHP Warning:  Undefined array key "phone" in C:\xampp\htdocs\FYP-SOCPMS\user_dashboard.php on line 609
[18-Dec-2024 16:51:15 Europe/Berlin] PHP Warning:  Undefined array key "address" in C:\xampp\htdocs\FYP-SOCPMS\user_dashboard.php on line 610
[18-Dec-2024 16:54:30 Europe/Berlin] PHP Warning:  Undefined array key "phone" in C:\xampp\htdocs\FYP-SOCPMS\user_dashboard.php on line 600
[18-Dec-2024 16:54:30 Europe/Berlin] PHP Warning:  Undefined array key "address" in C:\xampp\htdocs\FYP-SOCPMS\user_dashboard.php on line 601
[18-Dec-2024 16:56:57 Europe/Berlin] PHP Warning:  Undefined array key "phone" in C:\xampp\htdocs\FYP-SOCPMS\user_dashboard.php on line 600
[18-Dec-2024 16:56:57 Europe/Berlin] PHP Warning:  Undefined array key "address" in C:\xampp\htdocs\FYP-SOCPMS\user_dashboard.php on line 601
[18-Dec-2024 16:57:21 Europe/Berlin] Successful login: joanchoo2201@hotmail.com from IP: ::1
[18-Dec-2024 16:57:21 Europe/Berlin] Successful login: joanchoo2201@hotmail.com
[18-Dec-2024 17:08:41 Europe/Berlin] Successful login: joanchoo2201@hotmail.com from IP: ::1
[18-Dec-2024 17:08:41 Europe/Berlin] Successful login: joanchoo2201@hotmail.com
