{
    "error": true,
    "code": 1200,
    "message": "Access denied to admin dashboard",
    "details": "Access denied",
    "timestamp": "2024-12-14 18:03:21",
    "trace": [
        {
            "file": "C:\\xampp\\htdocs\\FYP-SOCPMS\\includes\\ErrorHandler.php",
            "line": 41,
            "function": "formatError",
            "class": "ErrorHandler",
            "type": "->"
        },
        {
            "file": "C:\\xampp\\htdocs\\FYP-SOCPMS\\admin_dashboard.php",
            "line": 38,
            "function": "handleError",
            "class": "ErrorHandler",
            "type": "->"
        }
    ]
}
{
    "error": true,
    "code": 1200,
    "message": "Access denied to admin dashboard",
    "details": "Access denied",
    "timestamp": "2024-12-14 18:03:28",
    "trace": [
        {
            "file": "C:\\xampp\\htdocs\\FYP-SOCPMS\\includes\\ErrorHandler.php",
            "line": 41,
            "function": "formatError",
            "class": "ErrorHandler",
            "type": "->"
        },
        {
            "file": "C:\\xampp\\htdocs\\FYP-SOCPMS\\admin_dashboard.php",
            "line": 38,
            "function": "handleError",
            "class": "ErrorHandler",
            "type": "->"
        }
    ]
}
